Vivado Simulator 2019.1
Copyright 1986-1999, 2001-2019 Xilinx, Inc. All Rights Reserved.
Running: /home/cenema/Desktop/Xilinx/Vivado/Vivado/2019.1/bin/unwrapped/lnx64.o/xelab -wto 06686b229e3447a39b4f80dfe882f64e --incr --debug typical --relax --mt 8 -L xil_defaultlib -L unisims_ver -L unimacro_ver -L secureip --snapshot Tx_top_sim_behav xil_defaultlib.Tx_top_sim xil_defaultlib.glbl -log elaborate.log 
Using 8 slave threads.
Starting static elaboration
WARNING: [VRFC 10-3091] actual bit length 32 differs from formal bit length 1 for port 'Parity_en' [/home/cenema/Desktop/Xilinx_Projects/ChipXprt_DSD_pro/DSD_pro/Tx_top/TX_TOP/TX_TOP.srcs/sources_1/imports/sources_1/new/Tx_top.sv:74]
WARNING: [VRFC 10-3091] actual bit length 32 differs from formal bit length 1 for port 'up_down' [/home/cenema/Desktop/Xilinx_Projects/ChipXprt_DSD_pro/DSD_pro/Tx_top/TX_TOP/TX_TOP.srcs/sources_1/imports/sources_1/new/TX_dataPath.sv:41]
WARNING: [VRFC 10-3091] actual bit length 32 differs from formal bit length 1 for port 's' [/home/cenema/Desktop/Xilinx_Projects/ChipXprt_DSD_pro/DSD_pro/Tx_top/TX_TOP/TX_TOP.srcs/sources_1/imports/sources_1/new/TX_dataPath.sv:44]
WARNING: [VRFC 10-3091] actual bit length 32 differs from formal bit length 1 for port 'a' [/home/cenema/Desktop/Xilinx_Projects/ChipXprt_DSD_pro/DSD_pro/Tx_top/TX_TOP/TX_TOP.srcs/sources_1/imports/sources_1/new/TX_dataPath.sv:45]
Completed static elaboration
Starting simulation data flow analysis
Completed simulation data flow analysis
Time Resolution for simulation is 1ps
Compiling module xil_defaultlib.nBits_comparator(n=4'b1001)
Compiling module xil_defaultlib.Tx_FSM
Compiling module xil_defaultlib.n_shiftRegister_oneBit(n=8)
Compiling module xil_defaultlib.nBits_up_down_counter(n=9)
Compiling module xil_defaultlib.nBits_comparator(n=8)
Compiling module xil_defaultlib.dFlipFlop
Compiling module xil_defaultlib.n_2x1mux(n=1)
Compiling module xil_defaultlib.four_to_oneMux
Compiling module xil_defaultlib.n_TX_dataPath(n=8,parity_en=1'b0...
Compiling module xil_defaultlib.Tx_top(PARITY_EN=0)
Compiling module xil_defaultlib.Tx_top_sim
Compiling module xil_defaultlib.glbl
Built simulation snapshot Tx_top_sim_behav
