Copyright 1986-2019 Xilinx, Inc. All Rights Reserved.
----------------------------------------------------------------------------------------
| Tool Version : Vivado v.2019.1 (lin64) Build 2552052 Fri May 24 14:47:09 MDT 2019
| Date         : Sat Dec 14 07:37:21 2024
| Host         : Raid-ThinkTank running 64-bit Linux Mint 22
| Command      : report_control_sets -verbose -file sev_seg_top_control_sets_placed.rpt
| Design       : sev_seg_top
| Device       : xc7a100t
----------------------------------------------------------------------------------------

Control Set Information

Table of Contents
-----------------
1. Summary
2. Histogram
3. Flip-Flop Distribution
4. Detailed Control Set Information

1. Summary
----------

+----------------------------------------------------------+-------+
|                          Status                          | Count |
+----------------------------------------------------------+-------+
| Total control sets                                       |     9 |
|    Minimum number of control sets                        |     9 |
|    Addition due to synthesis replication                 |     0 |
|    Addition due to physical synthesis replication        |     0 |
| Unused register locations in slices containing registers |    36 |
+----------------------------------------------------------+-------+
* Control sets can be merged at opt_design using control_set_merge or merge_equivalent_drivers
** Run report_qor_suggestions for automated merging and remapping suggestions


2. Histogram
------------

+--------------------+-------+
|       Fanout       | Count |
+--------------------+-------+
| Total control sets |     9 |
| >= 0 to < 4        |     3 |
| >= 4 to < 6        |     3 |
| >= 6 to < 8        |     0 |
| >= 8 to < 10       |     2 |
| >= 10 to < 12      |     0 |
| >= 12 to < 14      |     0 |
| >= 14 to < 16      |     0 |
| >= 16              |     1 |
+--------------------+-------+
* Control sets can be remapped at either synth_design or opt_design


3. Flip-Flop Distribution
-------------------------

+--------------+-----------------------+------------------------+-----------------+--------------+
| Clock Enable | Synchronous Set/Reset | Asynchronous Set/Reset | Total Registers | Total Slices |
+--------------+-----------------------+------------------------+-----------------+--------------+
| No           | No                    | No                     |               0 |            0 |
| No           | No                    | Yes                    |              13 |            9 |
| No           | Yes                   | No                     |              20 |            5 |
| Yes          | No                    | No                     |               0 |            0 |
| Yes          | No                    | Yes                    |              27 |            9 |
| Yes          | Yes                   | No                     |               0 |            0 |
+--------------+-----------------------+------------------------+-----------------+--------------+


4. Detailed Control Set Information
-----------------------------------

+----------------------------+----------------------------------------------------------------+------------------------------------------------+------------------+----------------+
|        Clock Signal        |                          Enable Signal                         |                Set/Reset Signal                | Slice Load Count | Bel Load Count |
+----------------------------+----------------------------------------------------------------+------------------------------------------------+------------------+----------------+
|  clkDiv1/comp1/signal      |                                                                | ssc/counter/CPU_RESETN                         |                1 |              1 |
|  clkDiv1/dff1/dividedClock | TX1/fsm1/FSM_sequential_current_state_reg[1]_0                 | TX1/fsm1/FSM_sequential_current_state_reg[0]_0 |                1 |              3 |
|  CLK100MHZ_IBUF_BUFG       |                                                                | clkDiv1/comp1/resetSignal_reg_0                |                1 |              3 |
|  clkDiv1/dff1/dividedClock |                                                                | ssc/counter/CPU_RESETN                         |                3 |              4 |
|  CLK100MHZ_IBUF_BUFG       | RX1/fsm_receiver_inst/E[0]                                     | ssc/counter/CPU_RESETN                         |                1 |              4 |
|  CLK100MHZ_IBUF_BUFG       | RX1/fsm_receiver_inst/FSM_sequential_current_state_reg[2]_1[0] | ssc/counter/CPU_RESETN                         |                2 |              4 |
|  clkDiv1/dff1/dividedClock | TX1/fsm1/E[0]                                                  | ssc/counter/CPU_RESETN                         |                2 |              8 |
|  CLK100MHZ_IBUF_BUFG       | RX1/fsm_receiver_inst/FSM_sequential_current_state_reg[2]_0[0] | ssc/counter/CPU_RESETN                         |                3 |              8 |
|  CLK100MHZ_IBUF_BUFG       |                                                                | ssc/counter/CPU_RESETN                         |                9 |             25 |
+----------------------------+----------------------------------------------------------------+------------------------------------------------+------------------+----------------+


